<?xml version="1.0" encoding="UTF-8"?>
<!-- Generated by org.testng.reporters.JUnitReportReporter -->
<testsuite hostname="SBMEDLAPSEM05" failures="0" tests="3" name="TestNGHolaMundo.TestNGHolaMundo.Prueba" time="0.018" errors="0" timestamp="10 ago. 2019 20:19:42 GMT" skipped="0">
  <testcase classname="TestNGHolaMundo.TestNGHolaMundo.Prueba" name="ATest3" time="0.014"/>
  <testcase classname="TestNGHolaMundo.TestNGHolaMundo.Prueba" name="Test2" time="0.002"/>
  <testcase classname="TestNGHolaMundo.TestNGHolaMundo.Prueba" name="BTest1" time="0.002"/>
</testsuite> <!-- TestNGHolaMundo.TestNGHolaMundo.Prueba -->
