<?xml version="1.0" encoding="UTF-8"?>
<!-- Generated by org.testng.reporters.JUnitReportReporter -->
<testsuite hostname="SBMEDLAPSEM05" failures="0" tests="1" name="TestNGHolaMundo.TestNGHolaMundo.TestHelloWorld" time="0.022" errors="0" timestamp="10 ago. 2019 21:27:05 GMT" skipped="0">
  <testcase classname="TestNGHolaMundo.TestNGHolaMundo.TestHelloWorld" name="testEmailGenerator" time="0.022"/>
</testsuite> <!-- TestNGHolaMundo.TestNGHolaMundo.TestHelloWorld -->
